2025-07-04 23:27:13,921 - INFO - 시스템 준비 대기 중... (10초)
2025-07-04 23:27:23,921 - INFO - 🚀 개선된 Docker 배포 검증 시작...
2025-07-04 23:27:23,921 - INFO - 
==================================================
2025-07-04 23:27:23,921 - INFO - 검사 중: Docker 컨테이너
2025-07-04 23:27:23,921 - INFO - ==================================================
2025-07-04 23:27:23,921 - INFO - 🐳 Docker 컨테이너 상태 확인 중...
2025-07-04 23:27:24,063 - INFO - 실행 중인 컨테이너: 0개
2025-07-04 23:27:24,064 - ERROR - ❌ redis: 컨테이너가 실행되지 않음
2025-07-04 23:27:24,064 - ERROR - ❌ mongodb: 컨테이너가 실행되지 않음
2025-07-04 23:27:24,064 - ERROR - ❌ backend: 컨테이너가 실행되지 않음
2025-07-04 23:27:24,064 - ERROR - ❌ frontend: 컨테이너가 실행되지 않음
2025-07-04 23:27:25,064 - INFO - 
==================================================
2025-07-04 23:27:25,065 - INFO - 검사 중: 포트 접근성
2025-07-04 23:27:25,065 - INFO - ==================================================
2025-07-04 23:27:25,065 - INFO - 🔌 포트 접근성 확인 중...
2025-07-04 23:27:25,092 - INFO - ✅ redis 포트 6379: 접근 가능
2025-07-04 23:27:25,107 - INFO - ✅ mongodb 포트 27017: 접근 가능
2025-07-04 23:27:27,121 - ERROR - ❌ backend 포트 8080: 접근 불가
2025-07-04 23:27:29,138 - ERROR - ❌ frontend 포트 3000: 접근 불가
2025-07-04 23:27:30,139 - INFO - 
==================================================
2025-07-04 23:27:30,139 - INFO - 검사 중: 헬스 엔드포인트
2025-07-04 23:27:30,139 - INFO - ==================================================
2025-07-04 23:27:30,139 - INFO - 🏥 헬스 엔드포인트 확인 중...
2025-07-04 23:27:34,249 - ERROR - ❌ Backend Health: 연결 실패
2025-07-04 23:27:38,328 - ERROR - ❌ Backend Root: 연결 실패
2025-07-04 23:27:42,363 - ERROR - ❌ Backend Docs: 연결 실패
2025-07-04 23:27:46,411 - ERROR - ❌ Frontend: 연결 실패
2025-07-04 23:27:47,412 - INFO - 
==================================================
2025-07-04 23:27:47,412 - INFO - 검사 중: 데이터베이스 연결
2025-07-04 23:27:47,412 - INFO - ==================================================
2025-07-04 23:27:47,412 - INFO - 🗄️ 데이터베이스 연결성 확인 중...
2025-07-04 23:27:51,473 - ERROR - ❌ 백엔드 API에 연결할 수 없습니다
2025-07-04 23:27:52,474 - INFO - 
==================================================
2025-07-04 23:27:52,474 - INFO - 검사 중: API 기능
2025-07-04 23:27:52,474 - INFO - ==================================================
2025-07-04 23:27:52,474 - INFO - 🔧 API 기능 확인 중...
2025-07-04 23:27:56,519 - ERROR - ❌ API Root: 연결 실패
2025-07-04 23:28:00,556 - ERROR - ❌ API Status: 연결 실패
2025-07-04 23:28:04,613 - ERROR - ❌ Users API: 연결 실패
2025-07-04 23:28:08,638 - ERROR - ❌ Tests API: 연결 실패
2025-07-04 23:28:09,638 - INFO - 
==================================================
2025-07-04 23:28:09,639 - INFO - 검사 중: 네트워크 격리
2025-07-04 23:28:09,639 - INFO - ==================================================
2025-07-04 23:28:09,639 - INFO - 🌐 Docker 네트워크 격리 확인 중...
2025-07-04 23:28:09,718 - INFO - ✅ 전용 Docker 네트워크 격리됨
2025-07-04 23:28:10,718 - INFO - 
==================================================
2025-07-04 23:28:10,718 - INFO - 검사 중: 시스템 리소스
2025-07-04 23:28:10,718 - INFO - ==================================================
2025-07-04 23:28:10,718 - INFO - 💾 시스템 리소스 확인 중...
2025-07-04 23:28:13,013 - INFO - 📊 컨테이너 리소스 사용량:
2025-07-04 23:28:13,013 - INFO -    fcdd07898d64   0.39%     284.2MiB / 30.18GiB
2025-07-04 23:28:13,013 - INFO -    5ddb5f497128   2.89%     198MiB / 30.18GiB
2025-07-04 23:28:13,013 - INFO -    0760c2df5511   0.21%     12.93MiB / 30.18GiB
2025-07-04 23:28:13,013 - INFO -    e6c8c1f5281d   0.31%     10.65GiB / 30.18GiB
2025-07-04 23:28:13,013 - INFO -    400a0b394f19   0.61%     172.8MiB / 30.18GiB
2025-07-04 23:28:14,013 - INFO - 📊 검증 리포트 생성 중...
2025-07-04 23:28:14,014 - INFO - 
============================================================
2025-07-04 23:28:14,014 - INFO - 📋 최종 검증 결과
2025-07-04 23:28:14,014 - INFO - ============================================================
2025-07-04 23:28:14,014 - INFO - 전체 검사: 7개
2025-07-04 23:28:14,014 - INFO - 통과 검사: 2개
2025-07-04 23:28:14,014 - INFO - 성공률: 28.6%
2025-07-04 23:28:14,014 - INFO - 전체 상태: FAIL
2025-07-04 23:28:14,014 - INFO - 
🔧 권장사항:
2025-07-04 23:28:14,014 - INFO - 1. Docker Desktop을 재시작하고 컨테이너를 다시 실행하세요.
2025-07-04 23:28:14,014 - INFO - 2. 포트 충돌을 확인하고 port_manager.py를 실행하세요.
2025-07-04 23:28:14,014 - INFO - 3. MongoDB와 Redis 컨테이너 상태를 확인하고 네트워크 설정을 점검하세요.
2025-07-04 23:28:14,014 - INFO - 4. 백엔드 서버 로그를 확인하고 API 엔드포인트 설정을 점검하세요.
2025-07-04 23:28:14,015 - INFO - 
📁 상세 리포트가 'improved_deployment_report.json'에 저장되었습니다.
2025-07-04 23:28:14,015 - ERROR - ❌ 배포 검증 완료 - 개선 필요!
2025-07-04 23:30:38,276 - INFO - 시스템 준비 대기 중... (10초)
2025-07-04 23:30:48,276 - INFO - 🚀 개선된 Docker 배포 검증 시작...
2025-07-04 23:30:48,276 - INFO - 
==================================================
2025-07-04 23:30:48,276 - INFO - 검사 중: Docker 컨테이너
2025-07-04 23:30:48,276 - INFO - ==================================================
2025-07-04 23:30:48,276 - INFO - 🐳 Docker 컨테이너 상태 확인 중...
2025-07-04 23:30:48,396 - INFO - 실행 중인 컨테이너: 0개
2025-07-04 23:30:48,396 - ERROR - ❌ redis: 컨테이너가 실행되지 않음
2025-07-04 23:30:48,396 - ERROR - ❌ mongodb: 컨테이너가 실행되지 않음
2025-07-04 23:30:48,396 - ERROR - ❌ backend: 컨테이너가 실행되지 않음
2025-07-04 23:30:48,396 - ERROR - ❌ frontend: 컨테이너가 실행되지 않음
2025-07-04 23:30:49,396 - INFO - 
==================================================
2025-07-04 23:30:49,397 - INFO - 검사 중: 포트 접근성
2025-07-04 23:30:49,397 - INFO - ==================================================
2025-07-04 23:30:49,397 - INFO - 🔌 포트 접근성 확인 중...
2025-07-04 23:30:49,400 - INFO - ✅ redis 포트 6479: 접근 가능
2025-07-04 23:30:49,415 - INFO - ✅ mongodb 포트 27117: 접근 가능
2025-07-04 23:30:49,430 - INFO - ✅ backend 포트 8180: 접근 가능
2025-07-04 23:30:49,445 - INFO - ✅ frontend 포트 3100: 접근 가능
2025-07-04 23:30:50,446 - INFO - 
==================================================
2025-07-04 23:30:50,446 - INFO - 검사 중: 헬스 엔드포인트
2025-07-04 23:30:50,446 - INFO - ==================================================
2025-07-04 23:30:50,446 - INFO - 🏥 헬스 엔드포인트 확인 중...
2025-07-04 23:30:50,474 - INFO - ✅ Backend Health: 정상 응답 (200)
2025-07-04 23:30:50,495 - INFO - ✅ Backend Root: 정상 응답 (200)
2025-07-04 23:30:50,512 - INFO - ✅ Backend Docs: 정상 응답 (200)
2025-07-04 23:30:50,543 - INFO - ✅ Frontend: 정상 응답 (200)
2025-07-04 23:30:51,544 - INFO - 
==================================================
2025-07-04 23:30:51,544 - INFO - 검사 중: 데이터베이스 연결
2025-07-04 23:30:51,544 - INFO - ==================================================
2025-07-04 23:30:51,544 - INFO - 🗄️ 데이터베이스 연결성 확인 중...
2025-07-04 23:30:51,551 - ERROR - ❌ 데이터베이스 상태 확인 실패: HTTP 404
2025-07-04 23:30:52,552 - INFO - 
==================================================
2025-07-04 23:30:52,552 - INFO - 검사 중: API 기능
2025-07-04 23:30:52,552 - INFO - ==================================================
2025-07-04 23:30:52,552 - INFO - 🔧 API 기능 확인 중...
2025-07-04 23:30:52,572 - INFO - ✅ API Root: 정상 작동 (HTTP 200)
2025-07-04 23:30:52,587 - WARNING - ⚠️ API Status: 예상치 못한 상태 코드 404
2025-07-04 23:30:52,603 - WARNING - ⚠️ Users API: 예상치 못한 상태 코드 403
2025-07-04 23:30:52,618 - WARNING - ⚠️ Tests API: 예상치 못한 상태 코드 403
2025-07-04 23:30:53,618 - INFO - 
==================================================
2025-07-04 23:30:53,618 - INFO - 검사 중: 네트워크 격리
2025-07-04 23:30:53,618 - INFO - ==================================================
2025-07-04 23:30:53,618 - INFO - 🌐 Docker 네트워크 격리 확인 중...
2025-07-04 23:30:53,668 - INFO - ✅ 전용 Docker 네트워크 격리됨
2025-07-04 23:30:54,670 - INFO - 
==================================================
2025-07-04 23:30:54,670 - INFO - 검사 중: 시스템 리소스
2025-07-04 23:30:54,670 - INFO - ==================================================
2025-07-04 23:30:54,670 - INFO - 💾 시스템 리소스 확인 중...
2025-07-04 23:30:57,399 - INFO - 📊 컨테이너 리소스 사용량:
2025-07-04 23:30:57,399 - INFO -    fcdd07898d64   0.41%     292.2MiB / 30.18GiB
2025-07-04 23:30:57,399 - INFO -    5ddb5f497128   2.40%     202.2MiB / 30.18GiB
2025-07-04 23:30:57,399 - INFO -    0760c2df5511   0.22%     13.11MiB / 30.18GiB
2025-07-04 23:30:57,399 - INFO -    e6c8c1f5281d   0.57%     10.66GiB / 30.18GiB
2025-07-04 23:30:57,400 - INFO -    400a0b394f19   0.30%     176.6MiB / 30.18GiB
2025-07-04 23:30:58,400 - INFO - 📊 검증 리포트 생성 중...
2025-07-04 23:30:58,400 - INFO - 
============================================================
2025-07-04 23:30:58,400 - INFO - 📋 최종 검증 결과
2025-07-04 23:30:58,400 - INFO - ============================================================
2025-07-04 23:30:58,400 - INFO - 전체 검사: 7개
2025-07-04 23:30:58,400 - INFO - 통과 검사: 5개
2025-07-04 23:30:58,400 - INFO - 성공률: 71.4%
2025-07-04 23:30:58,400 - INFO - 전체 상태: FAIL
2025-07-04 23:30:58,400 - INFO - 
🔧 권장사항:
2025-07-04 23:30:58,400 - INFO - 1. Docker Desktop을 재시작하고 컨테이너를 다시 실행하세요.
2025-07-04 23:30:58,400 - INFO - 2. MongoDB와 Redis 컨테이너 상태를 확인하고 네트워크 설정을 점검하세요.
2025-07-04 23:30:58,401 - INFO - 
📁 상세 리포트가 'improved_deployment_report.json'에 저장되었습니다.
2025-07-04 23:30:58,401 - ERROR - ❌ 배포 검증 완료 - 개선 필요!
2025-07-04 23:32:03,010 - INFO - 시스템 준비 대기 중... (10초)
2025-07-04 23:32:13,010 - INFO - 🚀 개선된 Docker 배포 검증 시작...
2025-07-04 23:32:13,010 - INFO - 
==================================================
2025-07-04 23:32:13,010 - INFO - 검사 중: Docker 컨테이너
2025-07-04 23:32:13,010 - INFO - ==================================================
2025-07-04 23:32:13,010 - INFO - 🐳 Docker 컨테이너 상태 확인 중...
2025-07-04 23:32:13,124 - INFO - 실행 중인 컨테이너: 5개
2025-07-04 23:32:13,124 - ERROR - ❌ redis: 컨테이너가 실행되지 않음
2025-07-04 23:32:13,124 - ERROR - ❌ mongodb: 컨테이너가 실행되지 않음
2025-07-04 23:32:13,124 - ERROR - ❌ backend: 컨테이너가 실행되지 않음
2025-07-04 23:32:13,124 - ERROR - ❌ frontend: 컨테이너가 실행되지 않음
2025-07-04 23:32:14,125 - INFO - 
==================================================
2025-07-04 23:32:14,125 - INFO - 검사 중: 포트 접근성
2025-07-04 23:32:14,125 - INFO - ==================================================
2025-07-04 23:32:14,125 - INFO - 🔌 포트 접근성 확인 중...
2025-07-04 23:32:14,128 - INFO - ✅ redis 포트 6479: 접근 가능
2025-07-04 23:32:14,129 - INFO - ✅ mongodb 포트 27117: 접근 가능
2025-07-04 23:32:14,139 - INFO - ✅ backend 포트 8180: 접근 가능
2025-07-04 23:32:14,155 - INFO - ✅ frontend 포트 3100: 접근 가능
2025-07-04 23:32:15,155 - INFO - 
==================================================
2025-07-04 23:32:15,155 - INFO - 검사 중: 헬스 엔드포인트
2025-07-04 23:32:15,155 - INFO - ==================================================
2025-07-04 23:32:15,155 - INFO - 🏥 헬스 엔드포인트 확인 중...
2025-07-04 23:32:15,182 - INFO - ✅ Backend Health: 정상 응답 (200)
2025-07-04 23:32:15,196 - INFO - ✅ Backend Root: 정상 응답 (200)
2025-07-04 23:32:15,211 - INFO - ✅ Backend Docs: 정상 응답 (200)
2025-07-04 23:32:15,226 - INFO - ✅ Frontend: 정상 응답 (200)
2025-07-04 23:32:16,227 - INFO - 
==================================================
2025-07-04 23:32:16,227 - INFO - 검사 중: 데이터베이스 연결
2025-07-04 23:32:16,227 - INFO - ==================================================
2025-07-04 23:32:16,227 - INFO - 🗄️ 데이터베이스 연결성 확인 중...
2025-07-04 23:32:16,253 - ERROR - ❌ 데이터베이스 상태 확인 실패: HTTP 404
2025-07-04 23:32:17,254 - INFO - 
==================================================
2025-07-04 23:32:17,254 - INFO - 검사 중: API 기능
2025-07-04 23:32:17,254 - INFO - ==================================================
2025-07-04 23:32:17,254 - INFO - 🔧 API 기능 확인 중...
2025-07-04 23:32:17,276 - INFO - ✅ API Root: 정상 작동 (HTTP 200)
2025-07-04 23:32:17,292 - WARNING - ⚠️ API Status: 예상치 못한 상태 코드 404
2025-07-04 23:32:17,308 - WARNING - ⚠️ Users API: 예상치 못한 상태 코드 403
2025-07-04 23:32:17,314 - WARNING - ⚠️ Tests API: 예상치 못한 상태 코드 403
2025-07-04 23:32:18,314 - INFO - 
==================================================
2025-07-04 23:32:18,314 - INFO - 검사 중: 네트워크 격리
2025-07-04 23:32:18,314 - INFO - ==================================================
2025-07-04 23:32:18,314 - INFO - 🌐 Docker 네트워크 격리 확인 중...
2025-07-04 23:32:18,366 - INFO - ✅ 전용 Docker 네트워크 격리됨
2025-07-04 23:32:19,366 - INFO - 
==================================================
2025-07-04 23:32:19,366 - INFO - 검사 중: 시스템 리소스
2025-07-04 23:32:19,366 - INFO - ==================================================
2025-07-04 23:32:19,366 - INFO - 💾 시스템 리소스 확인 중...
2025-07-04 23:32:22,030 - INFO - 📊 컨테이너 리소스 사용량:
2025-07-04 23:32:22,030 - INFO -    fcdd07898d64   0.40%     286.7MiB / 30.18GiB
2025-07-04 23:32:22,030 - INFO -    5ddb5f497128   2.71%     198.9MiB / 30.18GiB
2025-07-04 23:32:22,030 - INFO -    0760c2df5511   1.89%     13.64MiB / 30.18GiB
2025-07-04 23:32:22,030 - INFO -    e6c8c1f5281d   1.03%     10.66GiB / 30.18GiB
2025-07-04 23:32:22,030 - INFO -    400a0b394f19   0.30%     180.5MiB / 30.18GiB
2025-07-04 23:32:23,031 - INFO - 📊 검증 리포트 생성 중...
2025-07-04 23:32:23,031 - INFO - 
============================================================
2025-07-04 23:32:23,031 - INFO - 📋 최종 검증 결과
2025-07-04 23:32:23,031 - INFO - ============================================================
2025-07-04 23:32:23,031 - INFO - 전체 검사: 7개
2025-07-04 23:32:23,031 - INFO - 통과 검사: 5개
2025-07-04 23:32:23,031 - INFO - 성공률: 71.4%
2025-07-04 23:32:23,031 - INFO - 전체 상태: FAIL
2025-07-04 23:32:23,031 - INFO - 
🔧 권장사항:
2025-07-04 23:32:23,031 - INFO - 1. Docker Desktop을 재시작하고 컨테이너를 다시 실행하세요.
2025-07-04 23:32:23,031 - INFO - 2. MongoDB와 Redis 컨테이너 상태를 확인하고 네트워크 설정을 점검하세요.
2025-07-04 23:32:23,032 - INFO - 
📁 상세 리포트가 'improved_deployment_report.json'에 저장되었습니다.
2025-07-04 23:32:23,032 - ERROR - ❌ 배포 검증 완료 - 개선 필요!
2025-07-04 23:33:41,507 - INFO - 시스템 준비 대기 중... (10초)
2025-07-04 23:33:51,507 - INFO - 🚀 개선된 Docker 배포 검증 시작...
2025-07-04 23:33:51,507 - INFO - 
==================================================
2025-07-04 23:33:51,508 - INFO - 검사 중: Docker 컨테이너
2025-07-04 23:33:51,508 - INFO - ==================================================
2025-07-04 23:33:51,508 - INFO - 🐳 Docker 컨테이너 상태 확인 중...
2025-07-04 23:33:51,632 - INFO - 실행 중인 컨테이너: 5개 - ['online-evaluation-frontend-dev', 'online-evaluation-backend-dev', 'online-evaluation-redis-dev', 'online-evaluation-elasticsearch-dev', 'online-evaluation-mongodb-dev']
2025-07-04 23:33:51,632 - INFO - ✅ redis: 컨테이너가 실행 중입니다.
2025-07-04 23:33:51,632 - INFO - ✅ mongodb: 컨테이너가 실행 중입니다.
2025-07-04 23:33:51,632 - INFO - ✅ backend: 컨테이너가 실행 중입니다.
2025-07-04 23:33:51,632 - INFO - ✅ frontend: 컨테이너가 실행 중입니다.
2025-07-04 23:33:52,633 - INFO - 
==================================================
2025-07-04 23:33:52,633 - INFO - 검사 중: 포트 접근성
2025-07-04 23:33:52,633 - INFO - ==================================================
2025-07-04 23:33:52,633 - INFO - 🔌 포트 접근성 확인 중...
2025-07-04 23:33:52,636 - INFO - ✅ redis 포트 6479: 접근 가능
2025-07-04 23:33:52,653 - INFO - ✅ mongodb 포트 27117: 접근 가능
2025-07-04 23:33:52,668 - INFO - ✅ backend 포트 8180: 접근 가능
2025-07-04 23:33:52,683 - INFO - ✅ frontend 포트 3100: 접근 가능
2025-07-04 23:33:53,684 - INFO - 
==================================================
2025-07-04 23:33:53,684 - INFO - 검사 중: 헬스 엔드포인트
2025-07-04 23:33:53,684 - INFO - ==================================================
2025-07-04 23:33:53,684 - INFO - 🏥 헬스 엔드포인트 확인 중...
2025-07-04 23:33:53,692 - INFO - ✅ Backend Health: 정상 응답 (200)
2025-07-04 23:33:53,721 - INFO - ✅ Backend Root: 정상 응답 (200)
2025-07-04 23:33:53,735 - INFO - ✅ Backend Docs: 정상 응답 (200)
2025-07-04 23:33:53,749 - INFO - ✅ Frontend: 정상 응답 (200)
2025-07-04 23:33:54,750 - INFO - 
==================================================
2025-07-04 23:33:54,750 - INFO - 검사 중: 데이터베이스 연결
2025-07-04 23:33:54,750 - INFO - ==================================================
2025-07-04 23:33:54,750 - INFO - 🗄️ 데이터베이스 연결성 확인 중...
2025-07-04 23:33:54,774 - ERROR - ❌ 데이터베이스 상태 확인 실패: HTTP 404
2025-07-04 23:33:55,775 - INFO - 
==================================================
2025-07-04 23:33:55,775 - INFO - 검사 중: API 기능
2025-07-04 23:33:55,775 - INFO - ==================================================
2025-07-04 23:33:55,775 - INFO - 🔧 API 기능 확인 중...
2025-07-04 23:33:55,799 - INFO - ✅ API Root: 정상 작동 (HTTP 200)
2025-07-04 23:33:55,804 - WARNING - ⚠️ API Status: 예상치 못한 상태 코드 404
2025-07-04 23:33:55,830 - WARNING - ⚠️ Users API: 예상치 못한 상태 코드 403
2025-07-04 23:33:55,845 - WARNING - ⚠️ Tests API: 예상치 못한 상태 코드 403
2025-07-04 23:33:56,846 - INFO - 
==================================================
2025-07-04 23:33:56,846 - INFO - 검사 중: 네트워크 격리
2025-07-04 23:33:56,846 - INFO - ==================================================
2025-07-04 23:33:56,846 - INFO - 🌐 Docker 네트워크 격리 확인 중...
2025-07-04 23:33:56,898 - INFO - ✅ 전용 Docker 네트워크 격리됨
2025-07-04 23:33:57,898 - INFO - 
==================================================
2025-07-04 23:33:57,898 - INFO - 검사 중: 시스템 리소스
2025-07-04 23:33:57,898 - INFO - ==================================================
2025-07-04 23:33:57,898 - INFO - 💾 시스템 리소스 확인 중...
2025-07-04 23:34:00,644 - INFO - 📊 컨테이너 리소스 사용량:
2025-07-04 23:34:00,644 - INFO -    fcdd07898d64   0.68%     288.3MiB / 30.18GiB
2025-07-04 23:34:00,644 - INFO -    5ddb5f497128   1.87%     198.8MiB / 30.18GiB
2025-07-04 23:34:00,644 - INFO -    0760c2df5511   0.20%     13.14MiB / 30.18GiB
2025-07-04 23:34:00,644 - INFO -    e6c8c1f5281d   0.25%     10.68GiB / 30.18GiB
2025-07-04 23:34:00,644 - INFO -    400a0b394f19   0.26%     180.7MiB / 30.18GiB
2025-07-04 23:34:01,644 - INFO - 📊 검증 리포트 생성 중...
2025-07-04 23:34:01,645 - INFO - 
============================================================
2025-07-04 23:34:01,645 - INFO - 📋 최종 검증 결과
2025-07-04 23:34:01,645 - INFO - ============================================================
2025-07-04 23:34:01,645 - INFO - 전체 검사: 7개
2025-07-04 23:34:01,645 - INFO - 통과 검사: 6개
2025-07-04 23:34:01,645 - INFO - 성공률: 85.7%
2025-07-04 23:34:01,645 - INFO - 전체 상태: PASS
2025-07-04 23:34:01,645 - INFO - 
🔧 권장사항:
2025-07-04 23:34:01,645 - INFO - 1. MongoDB와 Redis 컨테이너 상태를 확인하고 네트워크 설정을 점검하세요.
2025-07-04 23:34:01,645 - INFO - 
📁 상세 리포트가 'improved_deployment_report.json'에 저장되었습니다.
2025-07-04 23:34:01,645 - INFO - 🎉 배포 검증 완료 - 성공!
2025-07-04 23:34:37,404 - INFO - 시스템 준비 대기 중... (10초)
2025-07-04 23:34:47,404 - INFO - 🚀 개선된 Docker 배포 검증 시작...
2025-07-04 23:34:47,404 - INFO - 
==================================================
2025-07-04 23:34:47,404 - INFO - 검사 중: Docker 컨테이너
2025-07-04 23:34:47,404 - INFO - ==================================================
2025-07-04 23:34:47,404 - INFO - 🐳 Docker 컨테이너 상태 확인 중...
2025-07-04 23:34:47,528 - INFO - 실행 중인 컨테이너: 5개 - ['online-evaluation-frontend-dev', 'online-evaluation-backend-dev', 'online-evaluation-redis-dev', 'online-evaluation-elasticsearch-dev', 'online-evaluation-mongodb-dev']
2025-07-04 23:34:47,528 - INFO - ✅ redis: 컨테이너가 실행 중입니다.
2025-07-04 23:34:47,528 - INFO - ✅ mongodb: 컨테이너가 실행 중입니다.
2025-07-04 23:34:47,528 - INFO - ✅ backend: 컨테이너가 실행 중입니다.
2025-07-04 23:34:47,528 - INFO - ✅ frontend: 컨테이너가 실행 중입니다.
2025-07-04 23:34:48,529 - INFO - 
==================================================
2025-07-04 23:34:48,529 - INFO - 검사 중: 포트 접근성
2025-07-04 23:34:48,529 - INFO - ==================================================
2025-07-04 23:34:48,529 - INFO - 🔌 포트 접근성 확인 중...
2025-07-04 23:34:48,554 - INFO - ✅ redis 포트 6479: 접근 가능
2025-07-04 23:34:48,555 - INFO - ✅ mongodb 포트 27117: 접근 가능
2025-07-04 23:34:48,569 - INFO - ✅ backend 포트 8180: 접근 가능
2025-07-04 23:34:48,584 - INFO - ✅ frontend 포트 3100: 접근 가능
2025-07-04 23:34:49,585 - INFO - 
==================================================
2025-07-04 23:34:49,585 - INFO - 검사 중: 헬스 엔드포인트
2025-07-04 23:34:49,585 - INFO - ==================================================
2025-07-04 23:34:49,585 - INFO - 🏥 헬스 엔드포인트 확인 중...
2025-07-04 23:34:49,611 - INFO - ✅ Backend Health: 정상 응답 (200)
2025-07-04 23:34:49,624 - INFO - ✅ Backend Root: 정상 응답 (200)
2025-07-04 23:34:49,639 - INFO - ✅ Backend Docs: 정상 응답 (200)
2025-07-04 23:34:49,654 - INFO - ✅ Frontend: 정상 응답 (200)
2025-07-04 23:34:50,654 - INFO - 
==================================================
2025-07-04 23:34:50,654 - INFO - 검사 중: 데이터베이스 연결
2025-07-04 23:34:50,654 - INFO - ==================================================
2025-07-04 23:34:50,654 - INFO - 🗄️ 데이터베이스 연결성 확인 중...
2025-07-04 23:34:50,663 - ERROR - ❌ MongoDB: 연결 실패
2025-07-04 23:34:50,663 - ERROR - ❌ Redis: 연결 실패
2025-07-04 23:34:51,663 - INFO - 
==================================================
2025-07-04 23:34:51,663 - INFO - 검사 중: API 기능
2025-07-04 23:34:51,664 - INFO - ==================================================
2025-07-04 23:34:51,664 - INFO - 🔧 API 기능 확인 중...
2025-07-04 23:34:51,685 - INFO - ✅ API Root: 정상 작동 (HTTP 200)
2025-07-04 23:34:51,700 - WARNING - ⚠️ API Status: 예상치 못한 상태 코드 404
2025-07-04 23:34:51,715 - WARNING - ⚠️ Users API: 예상치 못한 상태 코드 403
2025-07-04 23:34:51,730 - WARNING - ⚠️ Tests API: 예상치 못한 상태 코드 403
2025-07-04 23:34:52,731 - INFO - 
==================================================
2025-07-04 23:34:52,731 - INFO - 검사 중: 네트워크 격리
2025-07-04 23:34:52,731 - INFO - ==================================================
2025-07-04 23:34:52,731 - INFO - 🌐 Docker 네트워크 격리 확인 중...
2025-07-04 23:34:52,784 - INFO - ✅ 전용 Docker 네트워크 격리됨
2025-07-04 23:34:53,785 - INFO - 
==================================================
2025-07-04 23:34:53,785 - INFO - 검사 중: 시스템 리소스
2025-07-04 23:34:53,785 - INFO - ==================================================
2025-07-04 23:34:53,785 - INFO - 💾 시스템 리소스 확인 중...
2025-07-04 23:34:56,513 - INFO - 📊 컨테이너 리소스 사용량:
2025-07-04 23:34:56,514 - INFO -    fcdd07898d64   13.77%    294.8MiB / 30.18GiB
2025-07-04 23:34:56,514 - INFO -    5ddb5f497128   2.95%     199.3MiB / 30.18GiB
2025-07-04 23:34:56,514 - INFO -    0760c2df5511   0.22%     13.06MiB / 30.18GiB
2025-07-04 23:34:56,514 - INFO -    e6c8c1f5281d   0.34%     10.68GiB / 30.18GiB
2025-07-04 23:34:56,514 - INFO -    400a0b394f19   0.32%     180.5MiB / 30.18GiB
2025-07-04 23:34:57,514 - INFO - 📊 검증 리포트 생성 중...
2025-07-04 23:34:57,514 - INFO - 
============================================================
2025-07-04 23:34:57,514 - INFO - 📋 최종 검증 결과
2025-07-04 23:34:57,514 - INFO - ============================================================
2025-07-04 23:34:57,514 - INFO - 전체 검사: 7개
2025-07-04 23:34:57,514 - INFO - 통과 검사: 6개
2025-07-04 23:34:57,514 - INFO - 성공률: 85.7%
2025-07-04 23:34:57,514 - INFO - 전체 상태: PASS
2025-07-04 23:34:57,514 - INFO - 
🔧 권장사항:
2025-07-04 23:34:57,514 - INFO - 1. MongoDB와 Redis 컨테이너 상태를 확인하고 네트워크 설정을 점검하세요.
2025-07-04 23:34:57,515 - INFO - 
📁 상세 리포트가 'improved_deployment_report.json'에 저장되었습니다.
2025-07-04 23:34:57,515 - INFO - 🎉 배포 검증 완료 - 성공!
2025-07-04 23:35:34,930 - INFO - 시스템 준비 대기 중... (10초)
2025-07-04 23:35:44,930 - INFO - 🚀 개선된 Docker 배포 검증 시작...
2025-07-04 23:35:44,930 - INFO - 
==================================================
2025-07-04 23:35:44,930 - INFO - 검사 중: Docker 컨테이너
2025-07-04 23:35:44,930 - INFO - ==================================================
2025-07-04 23:35:44,930 - INFO - 🐳 Docker 컨테이너 상태 확인 중...
2025-07-04 23:35:45,045 - INFO - 실행 중인 컨테이너: 5개 - ['online-evaluation-frontend-dev', 'online-evaluation-backend-dev', 'online-evaluation-redis-dev', 'online-evaluation-elasticsearch-dev', 'online-evaluation-mongodb-dev']
2025-07-04 23:35:45,045 - INFO - ✅ redis: 컨테이너가 실행 중입니다.
2025-07-04 23:35:45,045 - INFO - ✅ mongodb: 컨테이너가 실행 중입니다.
2025-07-04 23:35:45,045 - INFO - ✅ backend: 컨테이너가 실행 중입니다.
2025-07-04 23:35:45,045 - INFO - ✅ frontend: 컨테이너가 실행 중입니다.
2025-07-04 23:35:46,045 - INFO - 
==================================================
2025-07-04 23:35:46,045 - INFO - 검사 중: 포트 접근성
2025-07-04 23:35:46,045 - INFO - ==================================================
2025-07-04 23:35:46,045 - INFO - 🔌 포트 접근성 확인 중...
2025-07-04 23:35:46,067 - INFO - ✅ redis 포트 6479: 접근 가능
2025-07-04 23:35:46,082 - INFO - ✅ mongodb 포트 27117: 접근 가능
2025-07-04 23:35:46,098 - INFO - ✅ backend 포트 8180: 접근 가능
2025-07-04 23:35:46,113 - INFO - ✅ frontend 포트 3100: 접근 가능
2025-07-04 23:35:47,113 - INFO - 
==================================================
2025-07-04 23:35:47,113 - INFO - 검사 중: 헬스 엔드포인트
2025-07-04 23:35:47,114 - INFO - ==================================================
2025-07-04 23:35:47,114 - INFO - 🏥 헬스 엔드포인트 확인 중...
2025-07-04 23:35:47,122 - INFO - ✅ Backend Health: 정상 응답 (200)
2025-07-04 23:35:47,140 - INFO - ✅ Backend Root: 정상 응답 (200)
2025-07-04 23:35:47,154 - INFO - ✅ Backend Docs: 정상 응답 (200)
2025-07-04 23:35:47,169 - INFO - ✅ Frontend: 정상 응답 (200)
2025-07-04 23:35:48,170 - INFO - 
==================================================
2025-07-04 23:35:48,170 - INFO - 검사 중: 데이터베이스 연결
2025-07-04 23:35:48,170 - INFO - ==================================================
2025-07-04 23:35:48,170 - INFO - 🗄️ 데이터베이스 연결성 확인 중...
2025-07-04 23:35:48,194 - INFO - ✅ MongoDB: 연결됨
2025-07-04 23:35:48,194 - INFO - ✅ Redis: 연결됨
2025-07-04 23:35:49,194 - INFO - 
==================================================
2025-07-04 23:35:49,194 - INFO - 검사 중: API 기능
2025-07-04 23:35:49,194 - INFO - ==================================================
2025-07-04 23:35:49,194 - INFO - 🔧 API 기능 확인 중...
2025-07-04 23:35:49,212 - INFO - ✅ API Root: 정상 작동 (HTTP 200)
2025-07-04 23:35:49,227 - WARNING - ⚠️ API Status: 예상치 못한 상태 코드 404
2025-07-04 23:35:49,242 - WARNING - ⚠️ Users API: 예상치 못한 상태 코드 403
2025-07-04 23:35:49,258 - WARNING - ⚠️ Tests API: 예상치 못한 상태 코드 403
2025-07-04 23:35:50,258 - INFO - 
==================================================
2025-07-04 23:35:50,259 - INFO - 검사 중: 네트워크 격리
2025-07-04 23:35:50,259 - INFO - ==================================================
2025-07-04 23:35:50,259 - INFO - 🌐 Docker 네트워크 격리 확인 중...
2025-07-04 23:35:50,310 - INFO - ✅ 전용 Docker 네트워크 격리됨
2025-07-04 23:35:51,310 - INFO - 
==================================================
2025-07-04 23:35:51,310 - INFO - 검사 중: 시스템 리소스
2025-07-04 23:35:51,310 - INFO - ==================================================
2025-07-04 23:35:51,310 - INFO - 💾 시스템 리소스 확인 중...
2025-07-04 23:35:53,290 - INFO - 📊 컨테이너 리소스 사용량:
2025-07-04 23:35:53,291 - INFO -    fcdd07898d64   0.83%     294.2MiB / 30.18GiB
2025-07-04 23:35:53,291 - INFO -    5ddb5f497128   2.41%     200.8MiB / 30.18GiB
2025-07-04 23:35:53,291 - INFO -    0760c2df5511   0.21%     13.11MiB / 30.18GiB
2025-07-04 23:35:53,291 - INFO -    e6c8c1f5281d   0.40%     10.68GiB / 30.18GiB
2025-07-04 23:35:53,291 - INFO -    400a0b394f19   0.44%     182.7MiB / 30.18GiB
2025-07-04 23:35:54,291 - INFO - 📊 검증 리포트 생성 중...
2025-07-04 23:35:54,291 - INFO - 
============================================================
2025-07-04 23:35:54,291 - INFO - 📋 최종 검증 결과
2025-07-04 23:35:54,291 - INFO - ============================================================
2025-07-04 23:35:54,291 - INFO - 전체 검사: 7개
2025-07-04 23:35:54,291 - INFO - 통과 검사: 7개
2025-07-04 23:35:54,291 - INFO - 성공률: 100.0%
2025-07-04 23:35:54,291 - INFO - 전체 상태: PASS
2025-07-04 23:35:54,292 - INFO - 
📁 상세 리포트가 'improved_deployment_report.json'에 저장되었습니다.
2025-07-04 23:35:54,292 - INFO - 🎉 배포 검증 완료 - 성공!
