2025-06-11 12:15:09,074 - security_monitoring - INFO - Connected to Redis for security monitoring
2025-06-11 12:15:09,102 - security_monitoring - ERROR - Failed to connect to MongoDB: Command createIndexes requires authentication, full error: {'ok': 0.0, 'errmsg': 'Command createIndexes requires authentication', 'code': 13, 'codeName': 'Unauthorized'}
2025-06-11 12:15:36,411 - security_monitoring - INFO - Connected to Redis for security monitoring
2025-06-11 12:15:36,430 - security_monitoring - ERROR - Failed to connect to MongoDB: Command createIndexes requires authentication, full error: {'ok': 0.0, 'errmsg': 'Command createIndexes requires authentication', 'code': 13, 'codeName': 'Unauthorized'}
2025-06-11 12:15:47,023 - security_monitoring - INFO - Connected to Redis for security monitoring
2025-06-11 12:15:47,052 - security_monitoring - ERROR - Failed to connect to MongoDB: Command createIndexes requires authentication, full error: {'ok': 0.0, 'errmsg': 'Command createIndexes requires authentication', 'code': 13, 'codeName': 'Unauthorized'}
2025-06-11 12:16:28,318 - security_monitoring - INFO - Connected to Redis for security monitoring
2025-06-11 12:16:28,350 - security_monitoring - ERROR - Failed to connect to MongoDB: Command createIndexes requires authentication, full error: {'ok': 0.0, 'errmsg': 'Command createIndexes requires authentication', 'code': 13, 'codeName': 'Unauthorized'}
2025-06-11 12:16:37,793 - security_monitoring - INFO - Connected to Redis for security monitoring
2025-06-11 12:16:37,819 - security_monitoring - ERROR - Failed to connect to MongoDB: Command createIndexes requires authentication, full error: {'ok': 0.0, 'errmsg': 'Command createIndexes requires authentication', 'code': 13, 'codeName': 'Unauthorized'}
2025-06-11 12:20:27,944 - security_monitoring - INFO - Connected to Redis for security monitoring
2025-06-11 12:20:27,984 - security_monitoring - ERROR - Failed to connect to MongoDB: Command createIndexes requires authentication, full error: {'ok': 0.0, 'errmsg': 'Command createIndexes requires authentication', 'code': 13, 'codeName': 'Unauthorized'}
2025-06-11 12:20:53,008 - security_monitoring - INFO - Connected to Redis for security monitoring
2025-06-11 12:20:53,041 - security_monitoring - ERROR - Failed to connect to MongoDB: Command createIndexes requires authentication, full error: {'ok': 0.0, 'errmsg': 'Command createIndexes requires authentication', 'code': 13, 'codeName': 'Unauthorized'}
2025-06-11 12:21:01,918 - security_monitoring - INFO - Connected to Redis for security monitoring
2025-06-11 12:21:01,951 - security_monitoring - ERROR - Failed to connect to MongoDB: Command createIndexes requires authentication, full error: {'ok': 0.0, 'errmsg': 'Command createIndexes requires authentication', 'code': 13, 'codeName': 'Unauthorized'}
2025-06-11 12:21:11,140 - security_monitoring - INFO - Connected to Redis for security monitoring
2025-06-11 12:21:11,162 - security_monitoring - ERROR - Failed to connect to MongoDB: Command createIndexes requires authentication, full error: {'ok': 0.0, 'errmsg': 'Command createIndexes requires authentication', 'code': 13, 'codeName': 'Unauthorized'}
2025-06-11 12:21:25,434 - security_monitoring - INFO - Connected to Redis for security monitoring
2025-06-11 12:21:25,448 - security_monitoring - ERROR - Failed to connect to MongoDB: Command createIndexes requires authentication, full error: {'ok': 0.0, 'errmsg': 'Command createIndexes requires authentication', 'code': 13, 'codeName': 'Unauthorized'}
2025-06-11 12:21:38,778 - security_monitoring - INFO - Connected to Redis for security monitoring
2025-06-11 12:21:38,807 - security_monitoring - ERROR - Failed to connect to MongoDB: Command createIndexes requires authentication, full error: {'ok': 0.0, 'errmsg': 'Command createIndexes requires authentication', 'code': 13, 'codeName': 'Unauthorized'}
2025-06-11 12:23:42,135 - security_monitoring - INFO - Connected to Redis for security monitoring
2025-06-11 12:23:42,163 - security_monitoring - ERROR - Failed to connect to MongoDB: Command createIndexes requires authentication, full error: {'ok': 0.0, 'errmsg': 'Command createIndexes requires authentication', 'code': 13, 'codeName': 'Unauthorized'}
2025-06-11 12:29:36,933 - security_monitoring - INFO - Connected to Redis for security monitoring
2025-06-11 12:29:36,966 - security_monitoring - ERROR - Failed to connect to MongoDB: Command createIndexes requires authentication, full error: {'ok': 0.0, 'errmsg': 'Command createIndexes requires authentication', 'code': 13, 'codeName': 'Unauthorized'}
2025-06-11 12:29:55,022 - security_monitoring - INFO - Connected to Redis for security monitoring
2025-06-11 12:29:55,067 - security_monitoring - ERROR - Failed to connect to MongoDB: Command createIndexes requires authentication, full error: {'ok': 0.0, 'errmsg': 'Command createIndexes requires authentication', 'code': 13, 'codeName': 'Unauthorized'}
2025-06-11 12:30:53,669 - security_monitoring - INFO - Connected to Redis for security monitoring
2025-06-11 12:30:53,696 - security_monitoring - ERROR - Failed to connect to MongoDB: Command createIndexes requires authentication, full error: {'ok': 0.0, 'errmsg': 'Command createIndexes requires authentication', 'code': 13, 'codeName': 'Unauthorized'}
2025-06-11 07:36:49,655 - security_monitoring - INFO - Connected to Redis for security monitoring
2025-06-11 07:37:17,119 - security_monitoring - ERROR - Failed to connect to MongoDB: localhost:27017: [Errno 111] Connection refused (configured timeouts: socketTimeoutMS: 20000.0ms, connectTimeoutMS: 20000.0ms), Timeout: 30s, Topology Description: <TopologyDescription id: 6849321167d01b2a54988e00, topology_type: Unknown, servers: [<ServerDescription ('localhost', 27017) server_type: Unknown, rtt: None, error=AutoReconnect('localhost:27017: [Errno 111] Connection refused (configured timeouts: socketTimeoutMS: 20000.0ms, connectTimeoutMS: 20000.0ms)')>]>
2025-06-11 07:37:19,298 - security_monitoring - INFO - Connected to Redis for security monitoring
2025-06-11 07:37:46,805 - security_monitoring - ERROR - Failed to connect to MongoDB: localhost:27017: [Errno 111] Connection refused (configured timeouts: socketTimeoutMS: 20000.0ms, connectTimeoutMS: 20000.0ms), Timeout: 30s, Topology Description: <TopologyDescription id: 6849322fc0f9d20d3c2d17aa, topology_type: Unknown, servers: [<ServerDescription ('localhost', 27017) server_type: Unknown, rtt: None, error=AutoReconnect('localhost:27017: [Errno 111] Connection refused (configured timeouts: socketTimeoutMS: 20000.0ms, connectTimeoutMS: 20000.0ms)')>]>
2025-06-11 07:37:48,933 - security_monitoring - INFO - Connected to Redis for security monitoring
2025-06-11 07:38:16,473 - security_monitoring - ERROR - Failed to connect to MongoDB: localhost:27017: [Errno 111] Connection refused (configured timeouts: socketTimeoutMS: 20000.0ms, connectTimeoutMS: 20000.0ms), Timeout: 30s, Topology Description: <TopologyDescription id: 6849324c8385bf8fd47d7956, topology_type: Unknown, servers: [<ServerDescription ('localhost', 27017) server_type: Unknown, rtt: None, error=AutoReconnect('localhost:27017: [Errno 111] Connection refused (configured timeouts: socketTimeoutMS: 20000.0ms, connectTimeoutMS: 20000.0ms)')>]>
2025-06-11 07:38:19,204 - security_monitoring - INFO - Connected to Redis for security monitoring
2025-06-11 07:38:46,854 - security_monitoring - ERROR - Failed to connect to MongoDB: localhost:27017: [Errno 111] Connection refused (configured timeouts: socketTimeoutMS: 20000.0ms, connectTimeoutMS: 20000.0ms), Timeout: 30s, Topology Description: <TopologyDescription id: 6849326bbcb69863fb27b7f2, topology_type: Unknown, servers: [<ServerDescription ('localhost', 27017) server_type: Unknown, rtt: None, error=AutoReconnect('localhost:27017: [Errno 111] Connection refused (configured timeouts: socketTimeoutMS: 20000.0ms, connectTimeoutMS: 20000.0ms)')>]>
2025-06-11 07:38:46,260 - security_monitoring - INFO - Connected to Redis for security monitoring
2025-06-11 07:39:13,705 - security_monitoring - ERROR - Failed to connect to MongoDB: localhost:27017: [Errno 111] Connection refused (configured timeouts: socketTimeoutMS: 20000.0ms, connectTimeoutMS: 20000.0ms), Timeout: 30s, Topology Description: <TopologyDescription id: 68493286a706735442dfd3c9, topology_type: Unknown, servers: [<ServerDescription ('localhost', 27017) server_type: Unknown, rtt: None, error=AutoReconnect('localhost:27017: [Errno 111] Connection refused (configured timeouts: socketTimeoutMS: 20000.0ms, connectTimeoutMS: 20000.0ms)')>]>
2025-06-11 07:39:15,892 - security_monitoring - INFO - Connected to Redis for security monitoring
2025-06-11 07:39:43,344 - security_monitoring - ERROR - Failed to connect to MongoDB: localhost:27017: [Errno 111] Connection refused (configured timeouts: socketTimeoutMS: 20000.0ms, connectTimeoutMS: 20000.0ms), Timeout: 30s, Topology Description: <TopologyDescription id: 684932a3aac27808d4f9c434, topology_type: Unknown, servers: [<ServerDescription ('localhost', 27017) server_type: Unknown, rtt: None, error=AutoReconnect('localhost:27017: [Errno 111] Connection refused (configured timeouts: socketTimeoutMS: 20000.0ms, connectTimeoutMS: 20000.0ms)')>]>
2025-06-11 07:39:45,906 - security_monitoring - INFO - Connected to Redis for security monitoring
2025-06-11 07:40:13,377 - security_monitoring - ERROR - Failed to connect to MongoDB: localhost:27017: [Errno 111] Connection refused (configured timeouts: socketTimeoutMS: 20000.0ms, connectTimeoutMS: 20000.0ms), Timeout: 30s, Topology Description: <TopologyDescription id: 684932c1d036085b6a42b0ec, topology_type: Unknown, servers: [<ServerDescription ('localhost', 27017) server_type: Unknown, rtt: None, error=AutoReconnect('localhost:27017: [Errno 111] Connection refused (configured timeouts: socketTimeoutMS: 20000.0ms, connectTimeoutMS: 20000.0ms)')>]>
2025-06-11 07:40:15,526 - security_monitoring - INFO - Connected to Redis for security monitoring
2025-06-11 07:40:43,164 - security_monitoring - ERROR - Failed to connect to MongoDB: localhost:27017: [Errno 111] Connection refused (configured timeouts: socketTimeoutMS: 20000.0ms, connectTimeoutMS: 20000.0ms), Timeout: 30s, Topology Description: <TopologyDescription id: 684932dfb365d4a0f85ced2e, topology_type: Unknown, servers: [<ServerDescription ('localhost', 27017) server_type: Unknown, rtt: None, error=AutoReconnect('localhost:27017: [Errno 111] Connection refused (configured timeouts: socketTimeoutMS: 20000.0ms, connectTimeoutMS: 20000.0ms)')>]>
2025-06-11 07:40:45,385 - security_monitoring - INFO - Connected to Redis for security monitoring
2025-06-11 07:41:13,108 - security_monitoring - ERROR - Failed to connect to MongoDB: localhost:27017: [Errno 111] Connection refused (configured timeouts: socketTimeoutMS: 20000.0ms, connectTimeoutMS: 20000.0ms), Timeout: 30s, Topology Description: <TopologyDescription id: 684932fda50369713f344ad4, topology_type: Unknown, servers: [<ServerDescription ('localhost', 27017) server_type: Unknown, rtt: None, error=AutoReconnect('localhost:27017: [Errno 111] Connection refused (configured timeouts: socketTimeoutMS: 20000.0ms, connectTimeoutMS: 20000.0ms)')>]>
2025-06-11 07:41:15,401 - security_monitoring - INFO - Connected to Redis for security monitoring
2025-06-11 07:41:42,809 - security_monitoring - ERROR - Failed to connect to MongoDB: localhost:27017: [Errno 111] Connection refused (configured timeouts: socketTimeoutMS: 20000.0ms, connectTimeoutMS: 20000.0ms), Timeout: 30s, Topology Description: <TopologyDescription id: 6849331b709051b52b174d79, topology_type: Unknown, servers: [<ServerDescription ('localhost', 27017) server_type: Unknown, rtt: None, error=AutoReconnect('localhost:27017: [Errno 111] Connection refused (configured timeouts: socketTimeoutMS: 20000.0ms, connectTimeoutMS: 20000.0ms)')>]>
2025-06-11 07:41:44,919 - security_monitoring - INFO - Connected to Redis for security monitoring
2025-06-11 07:42:12,576 - security_monitoring - ERROR - Failed to connect to MongoDB: localhost:27017: [Errno 111] Connection refused (configured timeouts: socketTimeoutMS: 20000.0ms, connectTimeoutMS: 20000.0ms), Timeout: 30s, Topology Description: <TopologyDescription id: 684933381abea4b8b82a8b2b, topology_type: Unknown, servers: [<ServerDescription ('localhost', 27017) server_type: Unknown, rtt: None, error=AutoReconnect('localhost:27017: [Errno 111] Connection refused (configured timeouts: socketTimeoutMS: 20000.0ms, connectTimeoutMS: 20000.0ms)')>]>
2025-06-11 07:42:14,670 - security_monitoring - INFO - Connected to Redis for security monitoring
2025-06-11 07:42:42,299 - security_monitoring - ERROR - Failed to connect to MongoDB: localhost:27017: [Errno 111] Connection refused (configured timeouts: socketTimeoutMS: 20000.0ms, connectTimeoutMS: 20000.0ms), Timeout: 30s, Topology Description: <TopologyDescription id: 684933561f9115869cce9b8d, topology_type: Unknown, servers: [<ServerDescription ('localhost', 27017) server_type: Unknown, rtt: None, error=AutoReconnect('localhost:27017: [Errno 111] Connection refused (configured timeouts: socketTimeoutMS: 20000.0ms, connectTimeoutMS: 20000.0ms)')>]>
2025-06-11 07:42:44,483 - security_monitoring - INFO - Connected to Redis for security monitoring
2025-06-11 07:43:11,972 - security_monitoring - ERROR - Failed to connect to MongoDB: localhost:27017: [Errno 111] Connection refused (configured timeouts: socketTimeoutMS: 20000.0ms, connectTimeoutMS: 20000.0ms), Timeout: 30s, Topology Description: <TopologyDescription id: 68493374411a36cb313f7980, topology_type: Unknown, servers: [<ServerDescription ('localhost', 27017) server_type: Unknown, rtt: None, error=AutoReconnect('localhost:27017: [Errno 111] Connection refused (configured timeouts: socketTimeoutMS: 20000.0ms, connectTimeoutMS: 20000.0ms)')>]>
2025-06-11 07:43:14,243 - security_monitoring - INFO - Connected to Redis for security monitoring
2025-06-11 07:43:41,815 - security_monitoring - ERROR - Failed to connect to MongoDB: localhost:27017: [Errno 111] Connection refused (configured timeouts: socketTimeoutMS: 20000.0ms, connectTimeoutMS: 20000.0ms), Timeout: 30s, Topology Description: <TopologyDescription id: 68493392325543689a6f93cc, topology_type: Unknown, servers: [<ServerDescription ('localhost', 27017) server_type: Unknown, rtt: None, error=AutoReconnect('localhost:27017: [Errno 111] Connection refused (configured timeouts: socketTimeoutMS: 20000.0ms, connectTimeoutMS: 20000.0ms)')>]>
2025-06-11 07:43:44,179 - security_monitoring - INFO - Connected to Redis for security monitoring
2025-06-11 07:44:11,872 - security_monitoring - ERROR - Failed to connect to MongoDB: localhost:27017: [Errno 111] Connection refused (configured timeouts: socketTimeoutMS: 20000.0ms, connectTimeoutMS: 20000.0ms), Timeout: 30s, Topology Description: <TopologyDescription id: 684933b0e748d5f798bba0eb, topology_type: Unknown, servers: [<ServerDescription ('localhost', 27017) server_type: Unknown, rtt: None, error=AutoReconnect('localhost:27017: [Errno 111] Connection refused (configured timeouts: socketTimeoutMS: 20000.0ms, connectTimeoutMS: 20000.0ms)')>]>
2025-06-11 07:44:14,248 - security_monitoring - INFO - Connected to Redis for security monitoring
2025-06-11 07:44:41,695 - security_monitoring - ERROR - Failed to connect to MongoDB: localhost:27017: [Errno 111] Connection refused (configured timeouts: socketTimeoutMS: 20000.0ms, connectTimeoutMS: 20000.0ms), Timeout: 30s, Topology Description: <TopologyDescription id: 684933ce766329c18b65d3e1, topology_type: Unknown, servers: [<ServerDescription ('localhost', 27017) server_type: Unknown, rtt: None, error=AutoReconnect('localhost:27017: [Errno 111] Connection refused (configured timeouts: socketTimeoutMS: 20000.0ms, connectTimeoutMS: 20000.0ms)')>]>
2025-06-11 07:44:41,418 - security_monitoring - INFO - Connected to Redis for security monitoring
2025-06-11 07:45:08,943 - security_monitoring - ERROR - Failed to connect to MongoDB: localhost:27017: [Errno 111] Connection refused (configured timeouts: socketTimeoutMS: 20000.0ms, connectTimeoutMS: 20000.0ms), Timeout: 30s, Topology Description: <TopologyDescription id: 684933e9ad19fe35c2990d38, topology_type: Unknown, servers: [<ServerDescription ('localhost', 27017) server_type: Unknown, rtt: None, error=AutoReconnect('localhost:27017: [Errno 111] Connection refused (configured timeouts: socketTimeoutMS: 20000.0ms, connectTimeoutMS: 20000.0ms)')>]>
2025-06-11 07:45:11,038 - security_monitoring - INFO - Connected to Redis for security monitoring
2025-06-11 07:45:38,541 - security_monitoring - ERROR - Failed to connect to MongoDB: localhost:27017: [Errno 111] Connection refused (configured timeouts: socketTimeoutMS: 20000.0ms, connectTimeoutMS: 20000.0ms), Timeout: 30s, Topology Description: <TopologyDescription id: 68493407ebf0efc74de52cf3, topology_type: Unknown, servers: [<ServerDescription ('localhost', 27017) server_type: Unknown, rtt: None, error=AutoReconnect('localhost:27017: [Errno 111] Connection refused (configured timeouts: socketTimeoutMS: 20000.0ms, connectTimeoutMS: 20000.0ms)')>]>
2025-06-11 07:45:40,714 - security_monitoring - INFO - Connected to Redis for security monitoring
2025-06-11 07:46:08,481 - security_monitoring - ERROR - Failed to connect to MongoDB: localhost:27017: [Errno 111] Connection refused (configured timeouts: socketTimeoutMS: 20000.0ms, connectTimeoutMS: 20000.0ms), Timeout: 30s, Topology Description: <TopologyDescription id: 6849342442dd34bb83b7f69b, topology_type: Unknown, servers: [<ServerDescription ('localhost', 27017) server_type: Unknown, rtt: None, error=AutoReconnect('localhost:27017: [Errno 111] Connection refused (configured timeouts: socketTimeoutMS: 20000.0ms, connectTimeoutMS: 20000.0ms)')>]>
2025-06-11 07:46:10,753 - security_monitoring - INFO - Connected to Redis for security monitoring
2025-06-11 07:46:34,269 - security_monitoring - INFO - Connected to Redis for security monitoring
2025-06-11 07:47:01,772 - security_monitoring - ERROR - Failed to connect to MongoDB: localhost:27017: [Errno 111] Connection refused (configured timeouts: socketTimeoutMS: 20000.0ms, connectTimeoutMS: 20000.0ms), Timeout: 30s, Topology Description: <TopologyDescription id: 6849345a077e7e458632c6eb, topology_type: Unknown, servers: [<ServerDescription ('localhost', 27017) server_type: Unknown, rtt: None, error=AutoReconnect('localhost:27017: [Errno 111] Connection refused (configured timeouts: socketTimeoutMS: 20000.0ms, connectTimeoutMS: 20000.0ms)')>]>
2025-06-11 07:48:38,746 - security_monitoring - INFO - Connected to Redis for security monitoring
2025-06-11 07:49:06,211 - security_monitoring - ERROR - Failed to connect to MongoDB: localhost:27017: [Errno 111] Connection refused (configured timeouts: socketTimeoutMS: 20000.0ms, connectTimeoutMS: 20000.0ms), Timeout: 30s, Topology Description: <TopologyDescription id: 684934d6a904f193704285a1, topology_type: Unknown, servers: [<ServerDescription ('localhost', 27017) server_type: Unknown, rtt: None, error=AutoReconnect('localhost:27017: [Errno 111] Connection refused (configured timeouts: socketTimeoutMS: 20000.0ms, connectTimeoutMS: 20000.0ms)')>]>
2025-06-11 08:03:20,077 - security_monitoring - INFO - Connected to Redis for security monitoring
2025-06-11 08:03:47,480 - security_monitoring - ERROR - Failed to connect to MongoDB: localhost:27017: [Errno 111] Connection refused (configured timeouts: socketTimeoutMS: 20000.0ms, connectTimeoutMS: 20000.0ms), Timeout: 30s, Topology Description: <TopologyDescription id: 68493848aaf6e35b4fd42a38, topology_type: Unknown, servers: [<ServerDescription ('localhost', 27017) server_type: Unknown, rtt: None, error=AutoReconnect('localhost:27017: [Errno 111] Connection refused (configured timeouts: socketTimeoutMS: 20000.0ms, connectTimeoutMS: 20000.0ms)')>]>
2025-06-11 08:03:48,026 - security_monitoring - INFO - Connected to Redis for security monitoring
2025-06-11 08:03:48,043 - security_monitoring - ERROR - Failed to connect to MongoDB: Authentication failed., full error: {'ok': 0.0, 'errmsg': 'Authentication failed.', 'code': 18, 'codeName': 'AuthenticationFailed'}
2025-06-11 08:03:51,339 - security_monitoring - INFO - Connected to Redis for security monitoring
2025-06-11 08:03:51,355 - security_monitoring - ERROR - Failed to connect to MongoDB: Authentication failed., full error: {'ok': 0.0, 'errmsg': 'Authentication failed.', 'code': 18, 'codeName': 'AuthenticationFailed'}
2025-06-11 08:13:26,858 - security_monitoring - INFO - Connected to Redis for security monitoring
2025-06-11 08:13:26,870 - security_monitoring - ERROR - Failed to connect to MongoDB: Authentication failed., full error: {'ok': 0.0, 'errmsg': 'Authentication failed.', 'code': 18, 'codeName': 'AuthenticationFailed'}
2025-06-11 08:13:31,168 - security_monitoring - INFO - Connected to Redis for security monitoring
2025-06-11 08:13:31,185 - security_monitoring - ERROR - Failed to connect to MongoDB: Authentication failed., full error: {'ok': 0.0, 'errmsg': 'Authentication failed.', 'code': 18, 'codeName': 'AuthenticationFailed'}
2025-06-11 08:43:55,000 - security_monitoring - INFO - Connected to Redis for security monitoring
2025-06-11 08:43:55,013 - security_monitoring - ERROR - Failed to connect to MongoDB: Authentication failed., full error: {'ok': 0.0, 'errmsg': 'Authentication failed.', 'code': 18, 'codeName': 'AuthenticationFailed'}
2025-06-11 08:46:01,920 - security_monitoring - INFO - Connected to Redis for security monitoring
2025-06-11 08:46:01,933 - security_monitoring - ERROR - Failed to connect to MongoDB: Authentication failed., full error: {'ok': 0.0, 'errmsg': 'Authentication failed.', 'code': 18, 'codeName': 'AuthenticationFailed'}
2025-06-11 08:46:09,209 - security_monitoring - INFO - Connected to Redis for security monitoring
2025-06-11 08:46:09,222 - security_monitoring - ERROR - Failed to connect to MongoDB: Authentication failed., full error: {'ok': 0.0, 'errmsg': 'Authentication failed.', 'code': 18, 'codeName': 'AuthenticationFailed'}
2025-06-11 08:46:21,494 - security_monitoring - INFO - Connected to Redis for security monitoring
2025-06-11 08:46:21,508 - security_monitoring - ERROR - Failed to connect to MongoDB: Authentication failed., full error: {'ok': 0.0, 'errmsg': 'Authentication failed.', 'code': 18, 'codeName': 'AuthenticationFailed'}
2025-06-11 08:50:43,027 - security_monitoring - INFO - Connected to Redis for security monitoring
2025-06-11 08:50:43,045 - security_monitoring - ERROR - Failed to connect to MongoDB: Authentication failed., full error: {'ok': 0.0, 'errmsg': 'Authentication failed.', 'code': 18, 'codeName': 'AuthenticationFailed'}
2025-06-11 08:50:45,656 - security_monitoring - INFO - Connected to Redis for security monitoring
2025-06-11 08:50:45,669 - security_monitoring - ERROR - Failed to connect to MongoDB: Authentication failed., full error: {'ok': 0.0, 'errmsg': 'Authentication failed.', 'code': 18, 'codeName': 'AuthenticationFailed'}
2025-06-11 08:52:30,862 - security_monitoring - INFO - Connected to Redis for security monitoring
2025-06-11 08:52:30,876 - security_monitoring - ERROR - Failed to connect to MongoDB: Authentication failed., full error: {'ok': 0.0, 'errmsg': 'Authentication failed.', 'code': 18, 'codeName': 'AuthenticationFailed'}
2025-06-11 08:52:47,798 - security_monitoring - INFO - Connected to Redis for security monitoring
2025-06-11 08:52:47,814 - security_monitoring - ERROR - Failed to connect to MongoDB: Authentication failed., full error: {'ok': 0.0, 'errmsg': 'Authentication failed.', 'code': 18, 'codeName': 'AuthenticationFailed'}
2025-06-11 08:53:03,914 - security_monitoring - INFO - Connected to Redis for security monitoring
2025-06-11 08:53:03,928 - security_monitoring - ERROR - Failed to connect to MongoDB: Authentication failed., full error: {'ok': 0.0, 'errmsg': 'Authentication failed.', 'code': 18, 'codeName': 'AuthenticationFailed'}
2025-06-11 08:53:06,735 - security_monitoring - INFO - Connected to Redis for security monitoring
2025-06-11 08:53:06,759 - security_monitoring - ERROR - Failed to connect to MongoDB: Authentication failed., full error: {'ok': 0.0, 'errmsg': 'Authentication failed.', 'code': 18, 'codeName': 'AuthenticationFailed'}
2025-06-11 09:01:02,698 - security_monitoring - INFO - Connected to Redis for security monitoring
2025-06-11 09:01:02,712 - security_monitoring - ERROR - Failed to connect to MongoDB: Authentication failed., full error: {'ok': 0.0, 'errmsg': 'Authentication failed.', 'code': 18, 'codeName': 'AuthenticationFailed'}
2025-06-11 09:01:15,480 - security_monitoring - INFO - Connected to Redis for security monitoring
2025-06-11 09:01:15,493 - security_monitoring - ERROR - Failed to connect to MongoDB: Authentication failed., full error: {'ok': 0.0, 'errmsg': 'Authentication failed.', 'code': 18, 'codeName': 'AuthenticationFailed'}
2025-06-11 09:01:29,432 - security_monitoring - INFO - Connected to Redis for security monitoring
2025-06-11 09:01:29,449 - security_monitoring - ERROR - Failed to connect to MongoDB: Authentication failed., full error: {'ok': 0.0, 'errmsg': 'Authentication failed.', 'code': 18, 'codeName': 'AuthenticationFailed'}
2025-06-11 09:01:59,158 - security_monitoring - INFO - Connected to Redis for security monitoring
2025-06-11 09:01:59,172 - security_monitoring - ERROR - Failed to connect to MongoDB: Authentication failed., full error: {'ok': 0.0, 'errmsg': 'Authentication failed.', 'code': 18, 'codeName': 'AuthenticationFailed'}
2025-06-11 09:02:01,982 - security_monitoring - INFO - Connected to Redis for security monitoring
2025-06-11 09:02:01,995 - security_monitoring - ERROR - Failed to connect to MongoDB: Authentication failed., full error: {'ok': 0.0, 'errmsg': 'Authentication failed.', 'code': 18, 'codeName': 'AuthenticationFailed'}
2025-06-11 15:31:18,807 - security_monitoring - INFO - Connected to Redis for security monitoring
2025-06-11 15:31:18,834 - security_monitoring - ERROR - Failed to connect to MongoDB: Authentication failed., full error: {'ok': 0.0, 'errmsg': 'Authentication failed.', 'code': 18, 'codeName': 'AuthenticationFailed'}
2025-06-12 00:21:13,808 - security_monitoring - INFO - Connected to Redis for security monitoring
2025-06-12 00:21:13,829 - security_monitoring - ERROR - Failed to connect to MongoDB: Authentication failed., full error: {'ok': 0.0, 'errmsg': 'Authentication failed.', 'code': 18, 'codeName': 'AuthenticationFailed'}
2025-06-12 00:21:36,754 - security_monitoring - INFO - Connected to Redis for security monitoring
2025-06-12 00:21:36,769 - security_monitoring - ERROR - Failed to connect to MongoDB: Authentication failed., full error: {'ok': 0.0, 'errmsg': 'Authentication failed.', 'code': 18, 'codeName': 'AuthenticationFailed'}
2025-06-12 00:21:45,992 - security_monitoring - INFO - Connected to Redis for security monitoring
2025-06-12 00:21:46,008 - security_monitoring - ERROR - Failed to connect to MongoDB: Authentication failed., full error: {'ok': 0.0, 'errmsg': 'Authentication failed.', 'code': 18, 'codeName': 'AuthenticationFailed'}
2025-06-12 00:21:48,861 - security_monitoring - INFO - Connected to Redis for security monitoring
2025-06-12 00:21:48,873 - security_monitoring - ERROR - Failed to connect to MongoDB: Authentication failed., full error: {'ok': 0.0, 'errmsg': 'Authentication failed.', 'code': 18, 'codeName': 'AuthenticationFailed'}
2025-06-12 00:27:10,892 - security_monitoring - INFO - Connected to Redis for security monitoring
2025-06-12 00:27:10,911 - security_monitoring - ERROR - Failed to connect to MongoDB: Authentication failed., full error: {'ok': 0.0, 'errmsg': 'Authentication failed.', 'code': 18, 'codeName': 'AuthenticationFailed'}
2025-06-12 00:27:22,016 - security_monitoring - INFO - Connected to Redis for security monitoring
2025-06-12 00:27:22,029 - security_monitoring - ERROR - Failed to connect to MongoDB: Authentication failed., full error: {'ok': 0.0, 'errmsg': 'Authentication failed.', 'code': 18, 'codeName': 'AuthenticationFailed'}
2025-06-12 00:29:27,619 - security_monitoring - INFO - Connected to Redis for security monitoring
2025-06-12 00:29:27,633 - security_monitoring - ERROR - Failed to connect to MongoDB: Authentication failed., full error: {'ok': 0.0, 'errmsg': 'Authentication failed.', 'code': 18, 'codeName': 'AuthenticationFailed'}
2025-06-12 00:29:30,346 - security_monitoring - INFO - Connected to Redis for security monitoring
2025-06-12 00:29:30,358 - security_monitoring - ERROR - Failed to connect to MongoDB: Authentication failed., full error: {'ok': 0.0, 'errmsg': 'Authentication failed.', 'code': 18, 'codeName': 'AuthenticationFailed'}
2025-06-12 00:57:57,439 - security_monitoring - INFO - Connected to Redis for security monitoring
2025-06-12 00:57:57,453 - security_monitoring - ERROR - Failed to connect to MongoDB: Authentication failed., full error: {'ok': 0.0, 'errmsg': 'Authentication failed.', 'code': 18, 'codeName': 'AuthenticationFailed'}
2025-06-12 00:58:08,952 - security_monitoring - INFO - Connected to Redis for security monitoring
2025-06-12 00:58:08,964 - security_monitoring - ERROR - Failed to connect to MongoDB: Authentication failed., full error: {'ok': 0.0, 'errmsg': 'Authentication failed.', 'code': 18, 'codeName': 'AuthenticationFailed'}
2025-06-12 00:58:45,541 - security_monitoring - INFO - Connected to Redis for security monitoring
2025-06-12 00:58:45,554 - security_monitoring - ERROR - Failed to connect to MongoDB: Authentication failed., full error: {'ok': 0.0, 'errmsg': 'Authentication failed.', 'code': 18, 'codeName': 'AuthenticationFailed'}
2025-06-12 01:00:19,157 - security_monitoring - INFO - Connected to Redis for security monitoring
2025-06-12 01:00:19,173 - security_monitoring - ERROR - Failed to connect to MongoDB: Authentication failed., full error: {'ok': 0.0, 'errmsg': 'Authentication failed.', 'code': 18, 'codeName': 'AuthenticationFailed'}
2025-06-12 01:00:18,680 - security_monitoring - INFO - Connected to Redis for security monitoring
2025-06-12 01:00:18,697 - security_monitoring - ERROR - Failed to connect to MongoDB: Authentication failed., full error: {'ok': 0.0, 'errmsg': 'Authentication failed.', 'code': 18, 'codeName': 'AuthenticationFailed'}
2025-06-12 01:00:53,094 - security_monitoring - INFO - Connected to Redis for security monitoring
2025-06-12 01:00:53,110 - security_monitoring - ERROR - Failed to connect to MongoDB: Authentication failed., full error: {'ok': 0.0, 'errmsg': 'Authentication failed.', 'code': 18, 'codeName': 'AuthenticationFailed'}
2025-06-12 01:01:46,464 - security_monitoring - INFO - Connected to Redis for security monitoring
2025-06-12 01:01:46,481 - security_monitoring - ERROR - Failed to connect to MongoDB: Authentication failed., full error: {'ok': 0.0, 'errmsg': 'Authentication failed.', 'code': 18, 'codeName': 'AuthenticationFailed'}
2025-06-12 01:03:45,751 - security_monitoring - INFO - Connected to Redis for security monitoring
2025-06-12 01:03:45,764 - security_monitoring - ERROR - Failed to connect to MongoDB: Authentication failed., full error: {'ok': 0.0, 'errmsg': 'Authentication failed.', 'code': 18, 'codeName': 'AuthenticationFailed'}
2025-06-12 01:03:50,050 - security_monitoring - INFO - Connected to Redis for security monitoring
2025-06-12 01:03:50,062 - security_monitoring - ERROR - Failed to connect to MongoDB: Authentication failed., full error: {'ok': 0.0, 'errmsg': 'Authentication failed.', 'code': 18, 'codeName': 'AuthenticationFailed'}
2025-06-12 05:12:32,522 - security_monitoring - INFO - Connected to Redis for security monitoring
2025-06-12 05:12:32,536 - security_monitoring - ERROR - Failed to connect to MongoDB: Authentication failed., full error: {'ok': 0.0, 'errmsg': 'Authentication failed.', 'code': 18, 'codeName': 'AuthenticationFailed'}
2025-06-12 05:18:04,553 - security_monitoring - INFO - Connected to Redis for security monitoring
2025-06-12 05:18:04,595 - security_monitoring - INFO - Connected to MongoDB for security event storage
